<?xml version="1.0" encoding="UTF-8"?>
<!-- Generated by org.testng.reporters.JUnitXMLReporter -->
<testsuite hostname="MELWIN" name="Search Accomodations" tests="3" failures="0" timestamp="21 Jan 2020 08:09:17 GMT" time="142.984" errors="0">
  <testcase name="feature" time="45.152" classname="com.CucumberBooking.testRunner.TestRunner"/>
  <testcase name="feature" time="73.737" classname="com.CucumberBooking.testRunner.TestRunner"/>
  <testcase name="feature" time="22.24" classname="com.CucumberBooking.testRunner.TestRunner"/>
</testsuite> <!-- Search Accomodations -->
