<?xml version="1.0" encoding="UTF-8"?>
<testng-results skipped="0" failed="0" total="3" passed="3">
  <reporter-output>
  </reporter-output>
  <suite name="Default suite" duration-ms="122095" started-at="2020-01-21T08:20:08Z" finished-at="2020-01-21T08:22:10Z">
    <groups>
      <group name="cucumber">
        <method signature="TestRunner.feature(cucumber.api.testng.CucumberFeatureWrapper)[pri:0, instance:com.CucumberBooking.testRunner.TestRunner@6d4b1c02]" name="feature" class="com.CucumberBooking.testRunner.TestRunner"/>
      </group> <!-- cucumber -->
    </groups>
    <test name="Default test" duration-ms="122095" started-at="2020-01-21T08:20:08Z" finished-at="2020-01-21T08:22:10Z">
      <class name="com.CucumberBooking.testRunner.TestRunner">
        <test-method status="PASS" signature="setUP()[pri:0, instance:com.CucumberBooking.testRunner.TestRunner@6d4b1c02]" name="setUP" is-config="true" duration-ms="441" started-at="2020-01-21T12:20:08Z" finished-at="2020-01-21T12:20:09Z">
          <reporter-output>
          </reporter-output>
        </test-method> <!-- setUP -->
        <test-method status="PASS" signature="feature(cucumber.api.testng.CucumberFeatureWrapper)[pri:0, instance:com.CucumberBooking.testRunner.TestRunner@6d4b1c02]" name="feature" duration-ms="44815" started-at="2020-01-21T12:20:09Z" description="Runs cucumber feature" data-provider="featureFiles" finished-at="2020-01-21T12:20:54Z">
          <params>
            <param index="0">
              <value>
                <![CDATA[Search AirportTaxis]]>
              </value>
            </param>
          </params>
          <reporter-output>
          </reporter-output>
        </test-method> <!-- feature -->
        <test-method status="PASS" signature="feature(cucumber.api.testng.CucumberFeatureWrapper)[pri:0, instance:com.CucumberBooking.testRunner.TestRunner@6d4b1c02]" name="feature" duration-ms="56217" started-at="2020-01-21T12:20:54Z" description="Runs cucumber feature" data-provider="featureFiles" finished-at="2020-01-21T12:21:50Z">
          <params>
            <param index="0">
              <value>
                <![CDATA[Search Car Rentals]]>
              </value>
            </param>
          </params>
          <reporter-output>
          </reporter-output>
        </test-method> <!-- feature -->
        <test-method status="PASS" signature="feature(cucumber.api.testng.CucumberFeatureWrapper)[pri:0, instance:com.CucumberBooking.testRunner.TestRunner@6d4b1c02]" name="feature" duration-ms="19274" started-at="2020-01-21T12:21:50Z" description="Runs cucumber feature" data-provider="featureFiles" finished-at="2020-01-21T12:22:09Z">
          <params>
            <param index="0">
              <value>
                <![CDATA[Search Accomodations]]>
              </value>
            </param>
          </params>
          <reporter-output>
          </reporter-output>
        </test-method> <!-- feature -->
        <test-method status="PASS" signature="endExecution()[pri:0, instance:com.CucumberBooking.testRunner.TestRunner@6d4b1c02]" name="endExecution" is-config="true" duration-ms="1218" started-at="2020-01-21T12:22:09Z" finished-at="2020-01-21T12:22:10Z">
          <reporter-output>
          </reporter-output>
        </test-method> <!-- endExecution -->
      </class> <!-- com.CucumberBooking.testRunner.TestRunner -->
    </test> <!-- Default test -->
  </suite> <!-- Default suite -->
</testng-results>
